<?xml version="1.0" encoding="UTF-8"?>
<testsuite name="com.example.parque.ParqueApplicationTests" tests="1" skipped="0" failures="0" errors="0" timestamp="2019-06-11T15:32:38" hostname="DESKTOP-M00KQSU" time="0.078">
  <properties/>
  <testcase name="contextLoads" classname="com.example.parque.ParqueApplicationTests" time="0.078"/>
  <system-out><![CDATA[10:32:31.156 [Test worker] DEBUG org.springframework.test.context.junit4.SpringJUnit4ClassRunner - SpringJUnit4ClassRunner constructor called with [class com.example.parque.ParqueApplicationTests]
10:32:31.174 [Test worker] DEBUG org.springframework.test.context.BootstrapUtils - Instantiating CacheAwareContextLoaderDelegate from class [org.springframework.test.context.cache.DefaultCacheAwareContextLoaderDelegate]
10:32:31.198 [Test worker] DEBUG org.springframework.test.context.BootstrapUtils - Instantiating BootstrapContext using constructor [public org.springframework.test.context.support.DefaultBootstrapContext(java.lang.Class,org.springframework.test.context.CacheAwareContextLoaderDelegate)]
10:32:31.236 [Test worker] DEBUG org.springframework.test.context.BootstrapUtils - Instantiating TestContextBootstrapper for test class [com.example.parque.ParqueApplicationTests] from class [org.springframework.boot.test.context.SpringBootTestContextBootstrapper]
10:32:31.263 [Test worker] INFO org.springframework.boot.test.context.SpringBootTestContextBootstrapper - Neither @ContextConfiguration nor @ContextHierarchy found for test class [com.example.parque.ParqueApplicationTests], using SpringBootContextLoader
10:32:31.272 [Test worker] DEBUG org.springframework.test.context.support.AbstractContextLoader - Did not detect default resource location for test class [com.example.parque.ParqueApplicationTests]: class path resource [com/example/parque/ParqueApplicationTests-context.xml] does not exist
10:32:31.273 [Test worker] DEBUG org.springframework.test.context.support.AbstractContextLoader - Did not detect default resource location for test class [com.example.parque.ParqueApplicationTests]: class path resource [com/example/parque/ParqueApplicationTestsContext.groovy] does not exist
10:32:31.273 [Test worker] INFO org.springframework.test.context.support.AbstractContextLoader - Could not detect default resource locations for test class [com.example.parque.ParqueApplicationTests]: no resource found for suffixes {-context.xml, Context.groovy}.
10:32:31.275 [Test worker] INFO org.springframework.test.context.support.AnnotationConfigContextLoaderUtils - Could not detect default configuration classes for test class [com.example.parque.ParqueApplicationTests]: ParqueApplicationTests does not declare any static, non-private, non-final, nested classes annotated with @Configuration.
10:32:31.366 [Test worker] DEBUG org.springframework.test.context.support.ActiveProfilesUtils - Could not find an 'annotation declaring class' for annotation type [org.springframework.test.context.ActiveProfiles] and class [com.example.parque.ParqueApplicationTests]
10:32:31.499 [Test worker] DEBUG org.springframework.context.annotation.ClassPathScanningCandidateComponentProvider - Identified candidate component class: file [C:\Users\RODOLFO\Downloads\ESTAS_SI\Parque\build\classes\java\main\com\example\parque\ParqueApplication.class]
10:32:31.502 [Test worker] INFO org.springframework.boot.test.context.SpringBootTestContextBootstrapper - Found @SpringBootConfiguration com.example.parque.ParqueApplication for test class com.example.parque.ParqueApplicationTests
10:32:31.710 [Test worker] DEBUG org.springframework.boot.test.context.SpringBootTestContextBootstrapper - @TestExecutionListeners is not present for class [com.example.parque.ParqueApplicationTests]: using defaults.
10:32:31.711 [Test worker] INFO org.springframework.boot.test.context.SpringBootTestContextBootstrapper - Loaded default TestExecutionListener class names from location [META-INF/spring.factories]: [org.springframework.boot.test.autoconfigure.restdocs.RestDocsTestExecutionListener, org.springframework.boot.test.autoconfigure.web.client.MockRestServiceServerResetTestExecutionListener, org.springframework.boot.test.autoconfigure.web.servlet.MockMvcPrintOnlyOnFailureTestExecutionListener, org.springframework.boot.test.autoconfigure.web.servlet.WebDriverTestExecutionListener, org.springframework.boot.test.mock.mockito.MockitoTestExecutionListener, org.springframework.boot.test.mock.mockito.ResetMocksTestExecutionListener, org.springframework.test.context.web.ServletTestExecutionListener, org.springframework.test.context.support.DirtiesContextBeforeModesTestExecutionListener, org.springframework.test.context.support.DependencyInjectionTestExecutionListener, org.springframework.test.context.support.DirtiesContextTestExecutionListener, org.springframework.test.context.transaction.TransactionalTestExecutionListener, org.springframework.test.context.jdbc.SqlScriptsTestExecutionListener]
10:32:31.754 [Test worker] INFO org.springframework.boot.test.context.SpringBootTestContextBootstrapper - Using TestExecutionListeners: [org.springframework.test.context.web.ServletTestExecutionListener@331ba594, org.springframework.test.context.support.DirtiesContextBeforeModesTestExecutionListener@101f9942, org.springframework.boot.test.mock.mockito.MockitoTestExecutionListener@42681b90, org.springframework.boot.test.autoconfigure.SpringBootDependencyInjectionTestExecutionListener@59faab6a, org.springframework.test.context.support.DirtiesContextTestExecutionListener@372392c4, org.springframework.test.context.transaction.TransactionalTestExecutionListener@5b9ad8eb, org.springframework.test.context.jdbc.SqlScriptsTestExecutionListener@59acec93, org.springframework.boot.test.autoconfigure.restdocs.RestDocsTestExecutionListener@5581bd37, org.springframework.boot.test.autoconfigure.web.client.MockRestServiceServerResetTestExecutionListener@7e9fa0f1, org.springframework.boot.test.autoconfigure.web.servlet.MockMvcPrintOnlyOnFailureTestExecutionListener@73cf7249, org.springframework.boot.test.autoconfigure.web.servlet.WebDriverTestExecutionListener@4d39c0d7, org.springframework.boot.test.mock.mockito.ResetMocksTestExecutionListener@1589a442]
10:32:31.761 [Test worker] DEBUG org.springframework.test.annotation.ProfileValueUtils - Retrieved @ProfileValueSourceConfiguration [null] for test class [com.example.parque.ParqueApplicationTests]
10:32:31.762 [Test worker] DEBUG org.springframework.test.annotation.ProfileValueUtils - Retrieved ProfileValueSource type [class org.springframework.test.annotation.SystemProfileValueSource] for class [com.example.parque.ParqueApplicationTests]
10:32:31.764 [Test worker] DEBUG org.springframework.test.annotation.ProfileValueUtils - Retrieved @ProfileValueSourceConfiguration [null] for test class [com.example.parque.ParqueApplicationTests]
10:32:31.764 [Test worker] DEBUG org.springframework.test.annotation.ProfileValueUtils - Retrieved ProfileValueSource type [class org.springframework.test.annotation.SystemProfileValueSource] for class [com.example.parque.ParqueApplicationTests]
10:32:31.774 [Test worker] DEBUG org.springframework.test.context.support.AbstractDirtiesContextTestExecutionListener - Before test class: context [DefaultTestContext@8d09973 testClass = ParqueApplicationTests, testInstance = [null], testMethod = [null], testException = [null], mergedContextConfiguration = [WebMergedContextConfiguration@4eeb5d6f testClass = ParqueApplicationTests, locations = '{}', classes = '{class com.example.parque.ParqueApplication}', contextInitializerClasses = '[]', activeProfiles = '{}', propertySourceLocations = '{}', propertySourceProperties = '{org.springframework.boot.test.context.SpringBootTestContextBootstrapper=true}', contextCustomizers = set[org.springframework.boot.test.autoconfigure.properties.PropertyMappingContextCustomizer@0, org.springframework.boot.test.autoconfigure.web.servlet.WebDriverContextCustomizerFactory$Customizer@1de862aa, org.springframework.boot.test.context.filter.ExcludeFilterContextCustomizer@78dc3735, org.springframework.boot.test.json.DuplicateJsonObjectContextCustomizerFactory$DuplicateJsonObjectContextCustomizer@4904f7d3, org.springframework.boot.test.mock.mockito.MockitoContextCustomizer@0, org.springframework.boot.test.web.client.TestRestTemplateContextCustomizer@337de4fd], resourceBasePath = 'src/main/webapp', contextLoader = 'org.springframework.boot.test.context.SpringBootContextLoader', parent = [null]], attributes = map['org.springframework.test.context.web.ServletTestExecutionListener.activateListener' -> true]], class annotated with @DirtiesContext [false] with mode [null].
10:32:31.776 [Test worker] DEBUG org.springframework.test.annotation.ProfileValueUtils - Retrieved @ProfileValueSourceConfiguration [null] for test class [com.example.parque.ParqueApplicationTests]
10:32:31.776 [Test worker] DEBUG org.springframework.test.annotation.ProfileValueUtils - Retrieved ProfileValueSource type [class org.springframework.test.annotation.SystemProfileValueSource] for class [com.example.parque.ParqueApplicationTests]
10:32:31.821 [Test worker] DEBUG org.springframework.test.context.support.TestPropertySourceUtils - Adding inlined properties to environment: {spring.jmx.enabled=false, org.springframework.boot.test.context.SpringBootTestContextBootstrapper=true, server.port=-1}

  .   ____          _            __ _ _
 /\\ / ___'_ __ _ _(_)_ __  __ _ \ \ \ \
( ( )\___ | '_ | '_| | '_ \/ _` | \ \ \ \
 \\/  ___)| |_)| | | | | || (_| |  ) ) ) )
  '  |____| .__|_| |_|_| |_\__, | / / / /
 =========|_|==============|___/=/_/_/_/
 :: Spring Boot ::        (v2.1.5.RELEASE)

2019-06-11 10:32:32.391  INFO 15236 --- [    Test worker] c.example.parque.ParqueApplicationTests  : Starting ParqueApplicationTests on DESKTOP-M00KQSU with PID 15236 (started by RODOLFO in C:\Users\RODOLFO\Downloads\ESTAS_SI\Parque)
2019-06-11 10:32:32.393  INFO 15236 --- [    Test worker] c.example.parque.ParqueApplicationTests  : No active profile set, falling back to default profiles: default
2019-06-11 10:32:33.787  INFO 15236 --- [    Test worker] .s.d.r.c.RepositoryConfigurationDelegate : Bootstrapping Spring Data repositories in DEFAULT mode.
2019-06-11 10:32:33.876  INFO 15236 --- [    Test worker] .s.d.r.c.RepositoryConfigurationDelegate : Finished Spring Data repository scanning in 39ms. Found 0 repository interfaces.
2019-06-11 10:32:34.654  INFO 15236 --- [    Test worker] trationDelegate$BeanPostProcessorChecker : Bean 'org.springframework.transaction.annotation.ProxyTransactionManagementConfiguration' of type [org.springframework.transaction.annotation.ProxyTransactionManagementConfiguration$$EnhancerBySpringCGLIB$$aed2a87c] is not eligible for getting processed by all BeanPostProcessors (for example: not eligible for auto-proxying)
2019-06-11 10:32:34.999  INFO 15236 --- [    Test worker] com.zaxxer.hikari.HikariDataSource       : HikariPool-1 - Starting...
2019-06-11 10:32:35.435  INFO 15236 --- [    Test worker] com.zaxxer.hikari.HikariDataSource       : HikariPool-1 - Start completed.
2019-06-11 10:32:35.578  INFO 15236 --- [    Test worker] o.hibernate.jpa.internal.util.LogHelper  : HHH000204: Processing PersistenceUnitInfo [
	name: default
	...]
2019-06-11 10:32:35.717  INFO 15236 --- [    Test worker] org.hibernate.Version                    : HHH000412: Hibernate Core {5.3.10.Final}
2019-06-11 10:32:35.721  INFO 15236 --- [    Test worker] org.hibernate.cfg.Environment            : HHH000206: hibernate.properties not found
2019-06-11 10:32:35.975  INFO 15236 --- [    Test worker] o.hibernate.annotations.common.Version   : HCANN000001: Hibernate Commons Annotations {5.0.4.Final}
2019-06-11 10:32:36.260  INFO 15236 --- [    Test worker] org.hibernate.dialect.Dialect            : HHH000400: Using dialect: org.hibernate.dialect.H2Dialect
2019-06-11 10:32:36.611  INFO 15236 --- [    Test worker] o.h.t.schema.internal.SchemaCreatorImpl  : HHH000476: Executing import script 'org.hibernate.tool.schema.internal.exec.ScriptSourceInputNonExistentImpl@7cc0db1f'
2019-06-11 10:32:36.615  INFO 15236 --- [    Test worker] j.LocalContainerEntityManagerFactoryBean : Initialized JPA EntityManagerFactory for persistence unit 'default'
2019-06-11 10:32:37.543  INFO 15236 --- [    Test worker] o.s.s.concurrent.ThreadPoolTaskExecutor  : Initializing ExecutorService 'applicationTaskExecutor'
2019-06-11 10:32:37.639  WARN 15236 --- [    Test worker] aWebConfiguration$JpaWebMvcConfiguration : spring.jpa.open-in-view is enabled by default. Therefore, database queries may be performed during view rendering. Explicitly configure spring.jpa.open-in-view to disable this warning
2019-06-11 10:32:38.131  INFO 15236 --- [    Test worker] c.example.parque.ParqueApplicationTests  : Started ParqueApplicationTests in 6.29 seconds (JVM running for 8.155)
]]></system-out>
  <system-err><![CDATA[]]></system-err>
</testsuite>
